2023-04-07 00:51:04,501 INFO org.springframework.boot.StartupInfoLogger [restartedMain] Starting PolizasFaltantesApplication using Java 17.0.6 on 4ca6b127b4f1 with PID 46 (/app/target/classes started by root in /app)
2023-04-07 00:51:04,504 INFO org.springframework.boot.SpringApplication [restartedMain] The following 1 profile is active: "dev"
2023-04-07 00:51:04,550 INFO org.springframework.boot.logging.DeferredLog [restartedMain] Devtools property defaults active! Set 'spring.devtools.add-properties' to 'false' to disable
2023-04-07 00:51:04,551 INFO org.springframework.boot.logging.DeferredLog [restartedMain] For additional web related logging consider setting the 'logging.level.web' property to 'DEBUG'
2023-04-07 00:51:05,092 INFO org.springframework.data.repository.config.RepositoryConfigurationDelegate [restartedMain] Bootstrapping Spring Data JDBC repositories in DEFAULT mode.
2023-04-07 00:51:05,106 INFO org.springframework.data.repository.config.RepositoryConfigurationDelegate [restartedMain] Finished Spring Data repository scanning in 10 ms. Found 0 JDBC repository interfaces.
2023-04-07 00:51:05,658 INFO org.springframework.boot.web.embedded.tomcat.TomcatWebServer [restartedMain] Tomcat initialized with port(s): 8080 (http)
2023-04-07 00:51:05,668 INFO org.apache.juli.logging.DirectJDKLog [restartedMain] Initializing ProtocolHandler ["http-nio-8080"]
2023-04-07 00:51:05,669 INFO org.apache.juli.logging.DirectJDKLog [restartedMain] Starting service [Tomcat]
2023-04-07 00:51:05,669 INFO org.apache.juli.logging.DirectJDKLog [restartedMain] Starting Servlet engine: [Apache Tomcat/9.0.73]
2023-04-07 00:51:05,725 INFO org.apache.juli.logging.DirectJDKLog [restartedMain] Initializing Spring embedded WebApplicationContext
2023-04-07 00:51:05,726 INFO org.springframework.boot.web.servlet.context.ServletWebServerApplicationContext [restartedMain] Root WebApplicationContext: initialization completed in 1175 ms
2023-04-07 00:51:06,033 INFO org.springframework.security.web.DefaultSecurityFilterChain [restartedMain] Will secure any request with [org.springframework.security.web.session.DisableEncodeUrlFilter@4719465f, org.springframework.security.web.context.request.async.WebAsyncManagerIntegrationFilter@6afc4955, org.springframework.security.web.context.SecurityContextPersistenceFilter@537cd5d3, org.springframework.security.web.header.HeaderWriterFilter@249be897, org.springframework.web.filter.CorsFilter@7e4ca96e, org.springframework.security.web.authentication.logout.LogoutFilter@333c8584, com.coppel.polizasfaltantes.filters.JWTAuthFilter@6a44b56c, org.springframework.security.web.savedrequest.RequestCacheAwareFilter@3d7f147a, org.springframework.security.web.servletapi.SecurityContextHolderAwareRequestFilter@2a57759f, org.springframework.security.web.authentication.AnonymousAuthenticationFilter@17cb6c10, org.springframework.security.web.session.SessionManagementFilter@4effbc93, org.springframework.security.web.access.ExceptionTranslationFilter@48adb40a, org.springframework.security.web.access.intercept.FilterSecurityInterceptor@146fca5c]
2023-04-07 00:51:06,293 INFO com.zaxxer.hikari.HikariDataSource [restartedMain] HikariPool-1 - Starting...
2023-04-07 00:51:06,551 INFO com.zaxxer.hikari.HikariDataSource [restartedMain] HikariPool-1 - Start completed.
2023-04-07 00:51:06,600 WARN org.springframework.data.convert.CustomConversions [restartedMain] Registering converter from class microsoft.sql.DateTimeOffset to class java.time.OffsetDateTime as reading converter although it doesn't convert from a store-supported type; You might want to check your annotation setup at the converter implementation
2023-04-07 00:51:06,674 INFO org.springframework.boot.devtools.autoconfigure.OptionalLiveReloadServer [restartedMain] LiveReload server is running on port 35729
2023-04-07 00:51:06,689 INFO org.apache.juli.logging.DirectJDKLog [restartedMain] Starting ProtocolHandler ["http-nio-8080"]
2023-04-07 00:51:06,701 INFO org.springframework.boot.web.embedded.tomcat.TomcatWebServer [restartedMain] Tomcat started on port(s): 8080 (http) with context path ''
2023-04-07 00:51:06,715 INFO org.springframework.boot.StartupInfoLogger [restartedMain] Started PolizasFaltantesApplication in 2.614 seconds (JVM running for 2.963)
2023-04-07 00:51:53,301 INFO org.apache.juli.logging.DirectJDKLog [http-nio-8080-exec-1] Initializing Spring DispatcherServlet 'dispatcherServlet'
2023-04-07 00:51:53,302 INFO org.springframework.web.servlet.FrameworkServlet [http-nio-8080-exec-1] Initializing Servlet 'dispatcherServlet'
2023-04-07 00:51:53,303 INFO org.springframework.web.servlet.FrameworkServlet [http-nio-8080-exec-1] Completed initialization in 1 ms
2023-04-07 00:51:53,489 WARN org.springframework.web.servlet.handler.AbstractHandlerExceptionResolver [http-nio-8080-exec-1] Resolved [com.coppel.polizasfaltantes.exceptions.UsuarioEmailExistException: 422 UNPROCESSABLE_ENTITY "El email ya existe"]
2023-04-07 00:56:20,525 WARN org.springframework.web.servlet.handler.AbstractHandlerExceptionResolver [http-nio-8080-exec-2] Resolved [com.coppel.polizasfaltantes.exceptions.CredencialesIncorrectasException: 401 UNAUTHORIZED "Credenciales incorrectas"]
